<?xml version="1.0" encoding="UTF-8"?>
<testng-results ignored="0" total="3" passed="3" failed="0" skipped="0">
  <reporter-output>
  </reporter-output>
  <suite started-at="2024-10-09T17:20:09 IST" name="Suite" finished-at="2024-10-09T17:20:09 IST" duration-ms="68">
    <groups>
    </groups>
    <test started-at="2024-10-09T17:20:09 IST" name="Test" finished-at="2024-10-09T17:20:09 IST" duration-ms="68">
      <class name="testCases.Testcase">
        <test-method signature="addition()[pri:0, instance:testCases.Testcase@b9b00e0]" started-at="2024-10-09T17:20:09 IST" name="addition" finished-at="2024-10-09T17:20:09 IST" duration-ms="15" status="PASS">
          <reporter-output>
          </reporter-output>
        </test-method> <!-- addition -->
        <test-method signature="multiply()[pri:0, instance:testCases.Testcase@b9b00e0]" started-at="2024-10-09T17:20:09 IST" name="multiply" finished-at="2024-10-09T17:20:09 IST" duration-ms="1" status="PASS">
          <reporter-output>
          </reporter-output>
        </test-method> <!-- multiply -->
        <test-method signature="subtraction()[pri:0, instance:testCases.Testcase@b9b00e0]" started-at="2024-10-09T17:20:09 IST" name="subtraction" finished-at="2024-10-09T17:20:09 IST" duration-ms="1" status="PASS">
          <reporter-output>
          </reporter-output>
        </test-method> <!-- subtraction -->
      </class> <!-- testCases.Testcase -->
    </test> <!-- Test -->
  </suite> <!-- Suite -->
</testng-results>
